This is pdfTeX, Version 3.141592653-2.6-1.40.24 (MiKTeX 22.1) (preloaded format=pdflatex 2022.10.3)  9 OCT 2022 13:45
entering extended mode
 restricted \write18 enabled.
 file:line:error style messages enabled.
 %&-line parsing enabled.
**/Users/tamasimate/Documents/TEMPLATE/document.tex
(/Users/tamasimate/Documents/TEMPLATE/document.tex
LaTeX2e <2022-06-01> patch level 5
L3 programming layer <2022-08-30> (/Users/tamasimate/Library/Application Support/MiKTeX/texmfs/install/tex/latex/base/article.cls
Document Class: article 2021/10/04 v1.4n Standard LaTeX document class
(/Users/tamasimate/Library/Application Support/MiKTeX/texmfs/install/tex/latex/base/size12.clo
File: size12.clo 2021/10/04 v1.4n Standard LaTeX file (size option)
)
\c@part=\count185
\c@section=\count186
\c@subsection=\count187
\c@subsubsection=\count188
\c@paragraph=\count189
\c@subparagraph=\count190
\c@figure=\count191
\c@table=\count192
\abovecaptionskip=\skip47
\belowcaptionskip=\skip48
\bibindent=\dimen138
) (oeNIKstyle.sty (/Users/tamasimate/Library/Application Support/MiKTeX/texmfs/install/tex/latex/base/inputenc.sty
Package: inputenc 2021/02/14 v1.3d Input encoding file
\inpenc@prehook=\toks16
\inpenc@posthook=\toks17
) (/Users/tamasimate/Library/Application Support/MiKTeX/texmfs/install/tex/latex/amsmath/amsmath.sty
Package: amsmath 2022/04/08 v2.17n AMS math features
\@mathmargin=\skip49

For additional information on amsmath, use the `?' option.
(/Users/tamasimate/Library/Application Support/MiKTeX/texmfs/install/tex/latex/amsmath/amstext.sty
Package: amstext 2021/08/26 v2.01 AMS text
 (/Users/tamasimate/Library/Application Support/MiKTeX/texmfs/install/tex/latex/amsmath/amsgen.sty
File: amsgen.sty 1999/11/30 v2.0 generic functions
\@emptytoks=\toks18
\ex@=\dimen139
)) (/Users/tamasimate/Library/Application Support/MiKTeX/texmfs/install/tex/latex/amsmath/amsbsy.sty
Package: amsbsy 1999/11/29 v1.2d Bold Symbols
\pmbraise@=\dimen140
) (/Users/tamasimate/Library/Application Support/MiKTeX/texmfs/install/tex/latex/amsmath/amsopn.sty
Package: amsopn 2022/04/08 v2.04 operator names
)
\inf@bad=\count193
LaTeX Info: Redefining \frac on input line 234.
\uproot@=\count194
\leftroot@=\count195
LaTeX Info: Redefining \overline on input line 399.
LaTeX Info: Redefining \colon on input line 410.
\classnum@=\count196
\DOTSCASE@=\count197
LaTeX Info: Redefining \ldots on input line 496.
LaTeX Info: Redefining \dots on input line 499.
LaTeX Info: Redefining \cdots on input line 620.
\Mathstrutbox@=\box51
\strutbox@=\box52
LaTeX Info: Redefining \big on input line 722.
LaTeX Info: Redefining \Big on input line 723.
LaTeX Info: Redefining \bigg on input line 724.
LaTeX Info: Redefining \Bigg on input line 725.
\big@size=\dimen141
LaTeX Font Info:    Redeclaring font encoding OML on input line 743.
LaTeX Font Info:    Redeclaring font encoding OMS on input line 744.
\macc@depth=\count198
LaTeX Info: Redefining \bmod on input line 905.
LaTeX Info: Redefining \pmod on input line 910.
LaTeX Info: Redefining \smash on input line 940.
LaTeX Info: Redefining \relbar on input line 970.
LaTeX Info: Redefining \Relbar on input line 971.
\c@MaxMatrixCols=\count199
\dotsspace@=\muskip16
\c@parentequation=\count266
\dspbrk@lvl=\count267
\tag@help=\toks19
\row@=\count268
\column@=\count269
\maxfields@=\count270
\andhelp@=\toks20
\eqnshift@=\dimen142
\alignsep@=\dimen143
\tagshift@=\dimen144
\tagwidth@=\dimen145
\totwidth@=\dimen146
\lineht@=\dimen147
\@envbody=\toks21
\multlinegap=\skip50
\multlinetaggap=\skip51
\mathdisplay@stack=\toks22
LaTeX Info: Redefining \[ on input line 2953.
LaTeX Info: Redefining \] on input line 2954.
) (/Users/tamasimate/Library/Application Support/MiKTeX/texmfs/install/tex/latex/amsfonts/amsfonts.sty
Package: amsfonts 2013/01/14 v3.01 Basic AMSFonts support
\symAMSa=\mathgroup4
\symAMSb=\mathgroup5
LaTeX Font Info:    Redeclaring math symbol \hbar on input line 98.
LaTeX Font Info:    Overwriting math alphabet `\mathfrak' in version `bold'
(Font)                  U/euf/m/n --> U/euf/b/n on input line 106.
) (/Users/tamasimate/Library/Application Support/MiKTeX/texmfs/install/tex/latex/amsfonts/amssymb.sty
Package: amssymb 2013/01/14 v3.01 AMS font symbols
) (/Users/tamasimate/Library/Application Support/MiKTeX/texmfs/install/tex/latex/graphics/graphicx.sty
Package: graphicx 2021/09/16 v1.2d Enhanced LaTeX Graphics (DPC,SPQR)
 (/Users/tamasimate/Library/Application Support/MiKTeX/texmfs/install/tex/latex/graphics/keyval.sty
Package: keyval 2022/05/29 v1.15 key=value parser (DPC)
\KV@toks@=\toks23
) (/Users/tamasimate/Library/Application Support/MiKTeX/texmfs/install/tex/latex/graphics/graphics.sty
Package: graphics 2022/03/10 v1.4e Standard LaTeX Graphics (DPC,SPQR)
 (/Users/tamasimate/Library/Application Support/MiKTeX/texmfs/install/tex/latex/graphics/trig.sty
Package: trig 2021/08/11 v1.11 sin cos tan (DPC)
) (/Users/tamasimate/Library/Application Support/MiKTeX/texmfs/install/tex/latex/graphics-cfg/graphics.cfg
File: graphics.cfg 2016/06/04 v1.11 sample graphics configuration
)
Package graphics Info: Driver file: pdftex.def on input line 107.
 (/Users/tamasimate/Library/Application Support/MiKTeX/texmfs/install/tex/latex/graphics-def/pdftex.def
File: pdftex.def 2020/10/05 v1.2a Graphics/color driver for pdftex
))
\Gin@req@height=\dimen148
\Gin@req@width=\dimen149
) (/Users/tamasimate/Library/Application Support/MiKTeX/texmfs/install/tex/generic/babel/babel.sty
Package: babel 2022/09/17 3.80 The Babel package
\babel@savecnt=\count271
\U@D=\dimen150
\l@unhyphenated=\language1
 (/Users/tamasimate/Library/Application Support/MiKTeX/texmfs/install/tex/generic/babel/txtbabel.def)
\bbl@readstream=\read2
\bbl@dirlevel=\count272

*************************************
* Local config file bblopts.cfg used
*
(/Users/tamasimate/Library/Application Support/MiKTeX/texmfs/install/tex/latex/arabi/bblopts.cfg
File: bblopts.cfg 2005/09/08 v0.1 add Arabic and Farsi to "declared" options of babel
) (/Users/tamasimate/Library/Application Support/MiKTeX/texmfs/install/tex/latex/babel-hungarian/magyar.ldf
Language: magyar 2019/01/14 v1.5c Magyar (Hungarian) support for babel
Package babel Info: Making ` an active character on input line 2819.
\c@footnote@add=\count273
\c@footnote@ch=\count274
)) (/Users/tamasimate/Library/Application Support/MiKTeX/texmfs/install/tex/generic/babel/locale/hu/babel-magyar.tex
Package babel Info: Importing font and identification data for magyar
(babel)             from babel-hu.ini. Reported on input line 11.
) (/Users/tamasimate/Library/Application Support/MiKTeX/texmfs/install/tex/latex/listings/listings.sty
\lst@mode=\count275
\lst@gtempboxa=\box53
\lst@token=\toks24
\lst@length=\count276
\lst@currlwidth=\dimen151
\lst@column=\count277
\lst@pos=\count278
\lst@lostspace=\dimen152
\lst@width=\dimen153
\lst@newlines=\count279
\lst@lineno=\count280
\lst@maxwidth=\dimen154
 (/Users/tamasimate/Library/Application Support/MiKTeX/texmfs/install/tex/latex/listings/lstmisc.sty
File: lstmisc.sty 2020/03/24 1.8d (Carsten Heinz)
\c@lstnumber=\count281
\lst@skipnumbers=\count282
\lst@framebox=\box54
) (/Users/tamasimate/Library/Application Support/MiKTeX/texmfs/install/tex/latex/listings/listings.cfg
File: listings.cfg 2020/03/24 1.8d listings configuration
))
Package: listings 2020/03/24 1.8d (Carsten Heinz)
 (/Users/tamasimate/Library/Application Support/MiKTeX/texmfs/install/tex/latex/geometry/geometry.sty
Package: geometry 2020/01/02 v5.9 Page Geometry
 (/Users/tamasimate/Library/Application Support/MiKTeX/texmfs/install/tex/generic/iftex/ifvtex.sty
Package: ifvtex 2019/10/25 v1.7 ifvtex legacy package. Use iftex instead.
 (/Users/tamasimate/Library/Application Support/MiKTeX/texmfs/install/tex/generic/iftex/iftex.sty
Package: iftex 2022/02/03 v1.0f TeX engine tests
))
\Gm@cnth=\count283
\Gm@cntv=\count284
\c@Gm@tempcnt=\count285
\Gm@bindingoffset=\dimen155
\Gm@wd@mp=\dimen156
\Gm@odd@mp=\dimen157
\Gm@even@mp=\dimen158
\Gm@layoutwidth=\dimen159
\Gm@layoutheight=\dimen160
\Gm@layouthoffset=\dimen161
\Gm@layoutvoffset=\dimen162
\Gm@dimlist=\toks25
 (/Users/tamasimate/Library/Application Support/MiKTeX/texmfs/install/tex/latex/geometry/geometry.cfg)) (/Users/tamasimate/Library/Application Support/MiKTeX/texmfs/install/tex/latex/psnfss/times.sty
Package: times 2020/03/25 PSNFSS-v9.3 (SPQR) 
) (/Users/tamasimate/Library/Application Support/MiKTeX/texmfs/install/tex/latex/tocloft/tocloft.sty
Package: tocloft 2017/08/31 v2.3i parameterised ToC, etc., typesetting
Package tocloft Info: The document has section divisions on input line 51.
\cftparskip=\skip52
\cftbeforetoctitleskip=\skip53
\cftaftertoctitleskip=\skip54
\cftbeforepartskip=\skip55
\cftpartnumwidth=\skip56
\cftpartindent=\skip57
\cftbeforesecskip=\skip58
\cftsecindent=\skip59
\cftsecnumwidth=\skip60
\cftbeforesubsecskip=\skip61
\cftsubsecindent=\skip62
\cftsubsecnumwidth=\skip63
\cftbeforesubsubsecskip=\skip64
\cftsubsubsecindent=\skip65
\cftsubsubsecnumwidth=\skip66
\cftbeforeparaskip=\skip67
\cftparaindent=\skip68
\cftparanumwidth=\skip69
\cftbeforesubparaskip=\skip70
\cftsubparaindent=\skip71
\cftsubparanumwidth=\skip72
\cftbeforeloftitleskip=\skip73
\cftafterloftitleskip=\skip74
\cftbeforefigskip=\skip75
\cftfigindent=\skip76
\cftfignumwidth=\skip77
\c@lofdepth=\count286
\c@lotdepth=\count287
\cftbeforelottitleskip=\skip78
\cftafterlottitleskip=\skip79
\cftbeforetabskip=\skip80
\cfttabindent=\skip81
\cfttabnumwidth=\skip82
) (/Users/tamasimate/Library/Application Support/MiKTeX/texmfs/install/tex/latex/lastpage/lastpage.sty
Package: lastpage 2021/09/03 v1.2n Refers to last page's name (HMM; JPG)
) (/Users/tamasimate/Library/Application Support/MiKTeX/texmfs/install/tex/latex/footmisc/footmisc.sty
Package: footmisc 2022/03/08 v6.0d a miscellany of footnote facilities
\FN@temptoken=\toks26
\footnotemargin=\dimen163
\@outputbox@depth=\dimen164
Package footmisc Info: Declaring symbol style bringhurst on input line 695.
Package footmisc Info: Declaring symbol style chicago on input line 703.
Package footmisc Info: Declaring symbol style wiley on input line 712.
Package footmisc Info: Declaring symbol style lamport-robust on input line 723.
Package footmisc Info: Declaring symbol style lamport* on input line 743.
Package footmisc Info: Declaring symbol style lamport*-robust on input line 764.
) (/Users/tamasimate/Library/Application Support/MiKTeX/texmfs/install/tex/latex/tocbibind/tocbibind.sty
Package: tocbibind 2010/10/13 v1.5k extra ToC listings
Package tocbibind Info: The document has section divisions on input line 50.


Package tocbibind Note: Using section or other style headings.

) (/Users/tamasimate/Library/Application Support/MiKTeX/texmfs/install/tex/latex/fancyhdr/fancyhdr.sty
Package: fancyhdr 2022/05/18 v4.0.3 Extensive control of page headers and footers
\f@nch@headwidth=\skip83
\f@nch@O@elh=\skip84
\f@nch@O@erh=\skip85
\f@nch@O@olh=\skip86
\f@nch@O@orh=\skip87
\f@nch@O@elf=\skip88
\f@nch@O@erf=\skip89
\f@nch@O@olf=\skip90
\f@nch@O@orf=\skip91
) (/Users/tamasimate/Library/Application Support/MiKTeX/texmfs/install/tex/latex/lipsum/lipsum.sty (/Users/tamasimate/Library/Application Support/MiKTeX/texmfs/install/tex/latex/l3packages/l3keys2e/l3keys2e.sty (/Users/tamasimate/Library/Application Support/MiKTeX/texmfs/install/tex/latex/l3kernel/expl3.sty
Package: expl3 2022-08-30 L3 programming layer (loader) 
 (/Users/tamasimate/Library/Application Support/MiKTeX/texmfs/install/tex/latex/l3backend/l3backend-pdftex.def
File: l3backend-pdftex.def 2022-08-30 L3 backend support: PDF output (pdfTeX)
\l__color_backend_stack_int=\count288
\l__pdf_internal_box=\box55
))
Package: l3keys2e 2022-06-22 LaTeX2e option processing using LaTeX3 keys
)
Package: lipsum 2021-09-20 v2.7 150 paragraphs of Lorem Ipsum dummy text
\g__lipsum_par_int=\count289
\l__lipsum_a_int=\count290
\l__lipsum_b_int=\count291
 (/Users/tamasimate/Library/Application Support/MiKTeX/texmfs/install/tex/latex/lipsum/lipsum.ltd.tex)) (/Users/tamasimate/Library/Application Support/MiKTeX/texmfs/install/tex/latex/enumitem/enumitem.sty
Package: enumitem 2019/06/20 v3.9 Customized lists
\labelindent=\skip92
\enit@outerparindent=\dimen165
\enit@toks=\toks27
\enit@inbox=\box56
\enit@count@id=\count292
\enitdp@description=\count293
) (/Users/tamasimate/Library/Application Support/MiKTeX/texmfs/install/tex/latex/ragged2e/ragged2e.sty
Package: ragged2e 2021/12/15 v3.1 ragged2e Package
\CenteringLeftskip=\skip93
\RaggedLeftLeftskip=\skip94
\RaggedRightLeftskip=\skip95
\CenteringRightskip=\skip96
\RaggedLeftRightskip=\skip97
\RaggedRightRightskip=\skip98
\CenteringParfillskip=\skip99
\RaggedLeftParfillskip=\skip100
\RaggedRightParfillskip=\skip101
\JustifyingParfillskip=\skip102
\CenteringParindent=\skip103
\RaggedLeftParindent=\skip104
\RaggedRightParindent=\skip105
\JustifyingParindent=\skip106
) (/Users/tamasimate/Library/Application Support/MiKTeX/texmfs/install/tex/latex/mathtools/mathtools.sty
Package: mathtools 2022/06/29 v1.29 mathematical typesetting tools
 (/Users/tamasimate/Library/Application Support/MiKTeX/texmfs/install/tex/latex/tools/calc.sty
Package: calc 2017/05/25 v4.3 Infix arithmetic (KKT,FJ)
\calc@Acount=\count294
\calc@Bcount=\count295
\calc@Adimen=\dimen166
\calc@Bdimen=\dimen167
\calc@Askip=\skip107
\calc@Bskip=\skip108
LaTeX Info: Redefining \setlength on input line 80.
LaTeX Info: Redefining \addtolength on input line 81.
\calc@Ccount=\count296
\calc@Cskip=\skip109
) (/Users/tamasimate/Library/Application Support/MiKTeX/texmfs/install/tex/latex/mathtools/mhsetup.sty
Package: mhsetup 2021/03/18 v1.4 programming setup (MH)
)
\g_MT_multlinerow_int=\count297
\l_MT_multwidth_dim=\dimen168
\origjot=\skip110
\l_MT_shortvdotswithinadjustabove_dim=\dimen169
\l_MT_shortvdotswithinadjustbelow_dim=\dimen170
\l_MT_above_intertext_sep=\dimen171
\l_MT_below_intertext_sep=\dimen172
\l_MT_above_shortintertext_sep=\dimen173
\l_MT_below_shortintertext_sep=\dimen174
\xmathstrut@box=\box57
\xmathstrut@dim=\dimen175
) (/Users/tamasimate/Library/Application Support/MiKTeX/texmfs/install/tex/latex/relsize/relsize.sty
Package: relsize 2013/03/29 ver 4.1
) (/Users/tamasimate/Library/Application Support/MiKTeX/texmfs/install/tex/latex/base/ifthen.sty
Package: ifthen 2022/04/13 v1.1d Standard LaTeX ifthen package (DPC)
) (/Users/tamasimate/Library/Application Support/MiKTeX/texmfs/install/tex/latex/algorithmicx/algpseudocode.sty
Package: algpseudocode 
 (/Users/tamasimate/Library/Application Support/MiKTeX/texmfs/install/tex/latex/algorithmicx/algorithmicx.sty
Package: algorithmicx 2005/04/27 v1.2 Algorithmicx

Document Style algorithmicx 1.2 - a greatly improved `algorithmic' style
\c@ALG@line=\count298
\c@ALG@rem=\count299
\c@ALG@nested=\count300
\ALG@tlm=\skip111
\ALG@thistlm=\skip112
\c@ALG@Lnr=\count301
\c@ALG@blocknr=\count302
\c@ALG@storecount=\count303
\c@ALG@tmpcounter=\count304
\ALG@tmplength=\skip113
)
Document Style - pseudocode environments for use with the `algorithmicx' style
)
Package: oeNIKstyle 2018/05/16 v.02 OE-NIK Latex Template by Rácz Dániel
) (/Users/tamasimate/Library/Application Support/MiKTeX/texmfs/install/tex/latex/float/float.sty
Package: float 2001/11/08 v1.3d Float enhancements (AL)
\c@float@type=\count305
\float@exts=\toks28
\float@box=\box58
\@float@everytoks=\toks29
\@floatcapt=\box59
) (/Users/tamasimate/Library/Application Support/MiKTeX/texmfs/install/tex/latex/subfig/subfig.sty
Package: subfig 2005/06/28 ver: 1.3 subfig package
 (/Users/tamasimate/Library/Application Support/MiKTeX/texmfs/install/tex/latex/caption/caption.sty
Package: caption 2022/03/01 v3.6b Customizing captions (AR)
 (/Users/tamasimate/Library/Application Support/MiKTeX/texmfs/install/tex/latex/caption/caption3.sty
Package: caption3 2022/03/17 v2.3b caption3 kernel (AR)
\caption@tempdima=\dimen176
\captionmargin=\dimen177
\caption@leftmargin=\dimen178
\caption@rightmargin=\dimen179
\caption@width=\dimen180
\caption@indent=\dimen181
\caption@parindent=\dimen182
\caption@hangindent=\dimen183
Package caption Info: Standard document class detected.
Package caption Info: hungarian babel package is loaded.
)
\c@caption@flags=\count306
\c@continuedfloat=\count307
Package caption Info: hungarian babel package is loaded.
Package caption Info: float package is loaded.
Package caption Info: listings package is loaded.
)
\c@KVtest=\count308
\sf@farskip=\skip114
\sf@captopadj=\dimen184
\sf@capskip=\skip115
\sf@nearskip=\skip116
\c@subfigure=\count309
\c@subfigure@save=\count310
\c@subtable=\count311
\c@subtable@save=\count312
\sf@top=\skip117
\sf@bottom=\skip118
) (/Users/tamasimate/Library/Application Support/MiKTeX/texmfs/install/tex/latex/appendix/appendix.sty
Package: appendix 2020/02/08 v1.2c extra appendix facilities
\c@@pps=\count313
\c@@ppsavesec=\count314
\c@@ppsaveapp=\count315
) (/Users/tamasimate/Library/Application Support/MiKTeX/texmfs/install/tex/latex/pdfpages/pdfpages.sty
Package: pdfpages 2022/05/22 v0.5v Insert pages of external PDF documents (AM)
 (/Users/tamasimate/Library/Application Support/MiKTeX/texmfs/install/tex/latex/eso-pic/eso-pic.sty
Package: eso-pic 2020/10/14 v3.0a eso-pic (RN)
\ESO@tempdima=\dimen185
\ESO@tempdimb=\dimen186
 (/Users/tamasimate/Library/Application Support/MiKTeX/texmfs/install/tex/latex/xcolor/xcolor.sty
Package: xcolor 2022/06/12 v2.14 LaTeX color extensions (UK)
 (/Users/tamasimate/Library/Application Support/MiKTeX/texmfs/install/tex/latex/graphics-cfg/color.cfg
File: color.cfg 2016/01/02 v1.6 sample color configuration
)
Package xcolor Info: Driver file: pdftex.def on input line 227.
 (/Users/tamasimate/Library/Application Support/MiKTeX/texmfs/install/tex/latex-dev/graphics/mathcolor.ltx)
Package xcolor Info: Model `cmy' substituted by `cmy0' on input line 1353.
Package xcolor Info: Model `hsb' substituted by `rgb' on input line 1357.
Package xcolor Info: Model `RGB' extended on input line 1369.
Package xcolor Info: Model `HTML' substituted by `rgb' on input line 1371.
Package xcolor Info: Model `Hsb' substituted by `hsb' on input line 1372.
Package xcolor Info: Model `tHsb' substituted by `hsb' on input line 1373.
Package xcolor Info: Model `HSB' substituted by `hsb' on input line 1374.
Package xcolor Info: Model `Gray' substituted by `gray' on input line 1375.
Package xcolor Info: Model `wave' substituted by `hsb' on input line 1376.
))
\AM@pagewidth=\dimen187
\AM@pageheight=\dimen188
\AM@fboxrule=\dimen189
 (/Users/tamasimate/Library/Application Support/MiKTeX/texmfs/install/tex/latex/pdfpages/pppdftex.def
File: pppdftex.def 2022/05/22 v0.5v Pdfpages driver for pdfTeX (AM)
)
\pdfpages@includegraphics@status=\count316
\AM@pagebox=\box60
\AM@global@opts=\toks30
\AM@pagecnt=\count317
\AM@toc@title=\toks31
\c@AM@survey=\count318
\AM@templatesizebox=\box61
) (/Users/tamasimate/Library/Application Support/MiKTeX/texmfs/install/tex/latex/hyperref/hyperref.sty
Package: hyperref 2022-09-22 v7.00t Hypertext links for LaTeX
 (/Users/tamasimate/Library/Application Support/MiKTeX/texmfs/install/tex/generic/ltxcmds/ltxcmds.sty
Package: ltxcmds 2020-05-10 v1.25 LaTeX kernel commands for general use (HO)
) (/Users/tamasimate/Library/Application Support/MiKTeX/texmfs/install/tex/generic/pdftexcmds/pdftexcmds.sty
Package: pdftexcmds 2020-06-27 v0.33 Utility functions of pdfTeX for LuaTeX (HO)
 (/Users/tamasimate/Library/Application Support/MiKTeX/texmfs/install/tex/generic/infwarerr/infwarerr.sty
Package: infwarerr 2019/12/03 v1.5 Providing info/warning/error messages (HO)
)
Package pdftexcmds Info: \pdf@primitive is available.
Package pdftexcmds Info: \pdf@ifprimitive is available.
Package pdftexcmds Info: \pdfdraftmode found.
) (/Users/tamasimate/Library/Application Support/MiKTeX/texmfs/install/tex/generic/kvsetkeys/kvsetkeys.sty
Package: kvsetkeys 2019/12/15 v1.18 Key value parser (HO)
) (/Users/tamasimate/Library/Application Support/MiKTeX/texmfs/install/tex/generic/kvdefinekeys/kvdefinekeys.sty
Package: kvdefinekeys 2019-12-19 v1.6 Define keys (HO)
) (/Users/tamasimate/Library/Application Support/MiKTeX/texmfs/install/tex/generic/pdfescape/pdfescape.sty
Package: pdfescape 2019/12/09 v1.15 Implements pdfTeX's escape features (HO)
) (/Users/tamasimate/Library/Application Support/MiKTeX/texmfs/install/tex/latex/hycolor/hycolor.sty
Package: hycolor 2020-01-27 v1.10 Color options for hyperref/bookmark (HO)
) (/Users/tamasimate/Library/Application Support/MiKTeX/texmfs/install/tex/latex/letltxmacro/letltxmacro.sty
Package: letltxmacro 2019/12/03 v1.6 Let assignment for LaTeX macros (HO)
) (/Users/tamasimate/Library/Application Support/MiKTeX/texmfs/install/tex/latex/auxhook/auxhook.sty
Package: auxhook 2019-12-17 v1.6 Hooks for auxiliary files (HO)
) (/Users/tamasimate/Library/Application Support/MiKTeX/texmfs/install/tex/latex/hyperref/nameref.sty
Package: nameref 2022-05-17 v2.50 Cross-referencing by name of section
 (/Users/tamasimate/Library/Application Support/MiKTeX/texmfs/install/tex/latex/refcount/refcount.sty
Package: refcount 2019/12/15 v3.6 Data extraction from label references (HO)
) (/Users/tamasimate/Library/Application Support/MiKTeX/texmfs/install/tex/generic/gettitlestring/gettitlestring.sty
Package: gettitlestring 2019/12/15 v1.6 Cleanup title references (HO)
 (/Users/tamasimate/Library/Application Support/MiKTeX/texmfs/install/tex/latex/kvoptions/kvoptions.sty
Package: kvoptions 2022-06-15 v3.15 Key value format for package options (HO)
))
\c@section@level=\count319
)
\@linkdim=\dimen190
\Hy@linkcounter=\count320
\Hy@pagecounter=\count321
 (/Users/tamasimate/Library/Application Support/MiKTeX/texmfs/install/tex/latex/hyperref/pd1enc.def
File: pd1enc.def 2022-09-22 v7.00t Hyperref: PDFDocEncoding definition (HO)
Now handling font encoding PD1 ...
... no UTF-8 mapping file for font encoding PD1
) (/Users/tamasimate/Library/Application Support/MiKTeX/texmfs/install/tex/generic/intcalc/intcalc.sty
Package: intcalc 2019/12/15 v1.3 Expandable calculations with integers (HO)
) (/Users/tamasimate/Library/Application Support/MiKTeX/texmfs/install/tex/generic/etexcmds/etexcmds.sty
Package: etexcmds 2019/12/15 v1.7 Avoid name clashes with e-TeX commands (HO)
)
\Hy@SavedSpaceFactor=\count322
 (/Users/tamasimate/Library/Application Support/MiKTeX/texmfs/install/tex/latex/hyperref/puenc.def
File: puenc.def 2022-09-22 v7.00t Hyperref: PDF Unicode definition (HO)
Now handling font encoding PU ...
... no UTF-8 mapping file for font encoding PU
)
Package hyperref Info: Hyper figures OFF on input line 4162.
Package hyperref Info: Link nesting OFF on input line 4167.
Package hyperref Info: Hyper index ON on input line 4170.
Package hyperref Info: Plain pages OFF on input line 4177.
Package hyperref Info: Backreferencing OFF on input line 4182.
Package hyperref Info: Implicit mode ON; LaTeX internals redefined.
\stockwidth=\dimen191
\stockheight=\dimen192
Package hyperref Info: Bookmarks ON on input line 4410.
\c@Hy@tempcnt=\count323
 (/Users/tamasimate/Library/Application Support/MiKTeX/texmfs/install/tex/latex/url/url.sty
\Urlmuskip=\muskip17
Package: url 2013/09/16  ver 3.4  Verb mode for urls, etc.
)
LaTeX Info: Redefining \url on input line 4748.
\XeTeXLinkMargin=\dimen193
 (/Users/tamasimate/Library/Application Support/MiKTeX/texmfs/install/tex/generic/bitset/bitset.sty
Package: bitset 2019/12/09 v1.3 Handle bit-vector datatype (HO)
 (/Users/tamasimate/Library/Application Support/MiKTeX/texmfs/install/tex/generic/bigintcalc/bigintcalc.sty
Package: bigintcalc 2019/12/15 v1.5 Expandable calculations on big integers (HO)
))
\Fld@menulength=\count324
\Field@Width=\dimen194
\Fld@charsize=\dimen195
Package hyperref Info: Hyper figures OFF on input line 6027.
Package hyperref Info: Link nesting OFF on input line 6032.
Package hyperref Info: Hyper index ON on input line 6035.
Package hyperref Info: backreferencing OFF on input line 6042.
Package hyperref Info: Link coloring OFF on input line 6047.
Package hyperref Info: Link coloring with OCG OFF on input line 6052.
Package hyperref Info: PDF/A mode OFF on input line 6057.
 (/Users/tamasimate/Library/Application Support/MiKTeX/texmfs/install/tex/latex/base/atbegshi-ltx.sty
Package: atbegshi-ltx 2021/01/10 v1.0c Emulation of the original atbegshi
package with kernel methods
)
\Hy@abspage=\count325
\c@Item=\count326
\c@Hfootnote=\count327
)
Package hyperref Info: Driver (autodetected): hpdftex.
 (/Users/tamasimate/Library/Application Support/MiKTeX/texmfs/install/tex/latex/hyperref/hpdftex.def
File: hpdftex.def 2022-09-22 v7.00t Hyperref driver for pdfTeX
 (/Users/tamasimate/Library/Application Support/MiKTeX/texmfs/install/tex/latex/base/atveryend-ltx.sty
Package: atveryend-ltx 2020/08/19 v1.0a Emulation of the original atveryend package
with kernel methods
)
\Fld@listcount=\count328
\c@bookmark@seq@number=\count329
 (/Users/tamasimate/Library/Application Support/MiKTeX/texmfs/install/tex/latex/rerunfilecheck/rerunfilecheck.sty
Package: rerunfilecheck 2022-07-10 v1.10 Rerun checks for auxiliary files (HO)
 (/Users/tamasimate/Library/Application Support/MiKTeX/texmfs/install/tex/generic/uniquecounter/uniquecounter.sty
Package: uniquecounter 2019/12/15 v1.4 Provide unlimited unique counter (HO)
)
Package uniquecounter Info: New unique counter `rerunfilecheck' on input line 285.
)
\Hy@SectionHShift=\skip119
) (/Users/tamasimate/Library/Application Support/MiKTeX/texmfs/install/tex/latex/fontawesome/fontawesome.sty
Package: fontawesome 2016/05/15 v4.6.3.1 font awesome icons
 (/Users/tamasimate/Library/Application Support/MiKTeX/texmfs/install/tex/generic/iftex/ifxetex.sty
Package: ifxetex 2019/10/25 v0.7 ifxetex legacy package. Use iftex instead.
) (/Users/tamasimate/Library/Application Support/MiKTeX/texmfs/install/tex/generic/iftex/ifluatex.sty
Package: ifluatex 2019/10/25 v1.5 ifluatex legacy package. Use iftex instead.
) (/Users/tamasimate/Library/Application Support/MiKTeX/texmfs/install/tex/latex/fontawesome/fontawesomesymbols-generic.tex) (/Users/tamasimate/Library/Application Support/MiKTeX/texmfs/install/tex/latex/fontawesome/fontawesomesymbols-pdftex.tex))
Package hyperref Info: Option `colorlinks' set `true' on input line 20.
 (/Users/tamasimate/Library/Application Support/MiKTeX/texmfs/install/tex/latex/minted/minted.sty
Package: minted 2021/12/24 v2.6 Yet another Pygments shim for LaTeX
 (/Users/tamasimate/Library/Application Support/MiKTeX/texmfs/install/tex/latex/fvextra/fvextra.sty
Package: fvextra 2019/02/04 v1.4 fvextra - extensions and patches for fancyvrb
 (/Users/tamasimate/Library/Application Support/MiKTeX/texmfs/install/tex/latex/etoolbox/etoolbox.sty
Package: etoolbox 2020/10/05 v2.5k e-TeX tools for LaTeX (JAW)
\etb@tempcnta=\count330
) (/Users/tamasimate/Library/Application Support/MiKTeX/texmfs/install/tex/latex/fancyvrb/fancyvrb.sty
Package: fancyvrb 2022/06/06 4.5 verbatim text (tvz,hv)
\FV@CodeLineNo=\count331
\FV@InFile=\read3
\FV@TabBox=\box62
\c@FancyVerbLine=\count332
\FV@StepNumber=\count333
\FV@OutFile=\write3
) (/Users/tamasimate/Library/Application Support/MiKTeX/texmfs/install/tex/latex/upquote/upquote.sty
Package: upquote 2012/04/19 v1.3 upright-quote and grave-accent glyphs in verbatim
 (/Users/tamasimate/Library/Application Support/MiKTeX/texmfs/install/tex/latex/base/textcomp.sty
Package: textcomp 2020/02/02 v2.0n Standard LaTeX package
)) (/Users/tamasimate/Library/Application Support/MiKTeX/texmfs/install/tex/latex/lineno/lineno.sty
Package: lineno 2005/11/02 line numbers on paragraphs v4.41
\linenopenalty=\count334
\output=\toks32
\linenoprevgraf=\count335
\linenumbersep=\dimen196
\linenumberwidth=\dimen197
\c@linenumber=\count336
\c@pagewiselinenumber=\count337
\c@LN@truepage=\count338
\c@internallinenumber=\count339
\c@internallinenumbers=\count340
\quotelinenumbersep=\dimen198
\bframerule=\dimen199
\bframesep=\dimen256
\bframebox=\box63
LaTeX Info: Redefining \\ on input line 3056.
)
\c@FV@TrueTabGroupLevel=\count341
\c@FV@TrueTabCounter=\count342
\FV@TabBox@Group=\box64
\FV@TmpLength=\skip120
\c@FV@HighlightLinesStart=\count343
\c@FV@HighlightLinesStop=\count344
\FV@LoopCount=\count345
\FV@NCharsBox=\box65
\FV@BreakIndent=\dimen257
\FV@BreakIndentNChars=\count346
\FV@BreakSymbolSepLeft=\dimen258
\FV@BreakSymbolSepLeftNChars=\count347
\FV@BreakSymbolSepRight=\dimen259
\FV@BreakSymbolSepRightNChars=\count348
\FV@BreakSymbolIndentLeft=\dimen260
\FV@BreakSymbolIndentLeftNChars=\count349
\FV@BreakSymbolIndentRight=\dimen261
\FV@BreakSymbolIndentRightNChars=\count350
\c@FancyVerbLineBreakLast=\count351
\FV@LineBox=\box66
\FV@LineIndentBox=\box67
\FV@LineWidth=\dimen262
) (/Users/tamasimate/Library/Application Support/MiKTeX/texmfs/install/tex/latex/tools/shellesc.sty
Package: shellesc 2019/11/08 v1.0c unified shell escape interface for LaTeX
Package shellesc Info: Restricted shell escape enabled on input line 77.
) (/Users/tamasimate/Library/Application Support/MiKTeX/texmfs/install/tex/latex/ifplatform/ifplatform.sty
Package: ifplatform 2017/10/13 v0.4a Testing for the operating system
 (/Users/tamasimate/Library/Application Support/MiKTeX/texmfs/install/tex/generic/catchfile/catchfile.sty
Package: catchfile 2019/12/09 v1.8 Catch the contents of a file (HO)
)

Package ifplatform Warning: 
    shell escape is disabled, so I can only detect \ifwindows.

) (/Users/tamasimate/Library/Application Support/MiKTeX/texmfs/install/tex/latex/xstring/xstring.sty (/Users/tamasimate/Library/Application Support/MiKTeX/texmfs/install/tex/generic/xstring/xstring.tex
\integerpart=\count352
\decimalpart=\count353
)
Package: xstring 2021/07/21 v1.84 String manipulations (CT)
) (/Users/tamasimate/Library/Application Support/MiKTeX/texmfs/install/tex/latex/framed/framed.sty
Package: framed 2011/10/22 v 0.96: framed or shaded text with page breaks
\OuterFrameSep=\skip121
\fb@frw=\dimen263
\fb@frh=\dimen264
\FrameRule=\dimen265
\FrameSep=\dimen266
)
\minted@appexistsfile=\read4
\minted@bgbox=\box68
\minted@code=\write4
\c@minted@FancyVerbLineTemp=\count354
\c@minted@pygmentizecounter=\count355
\@float@every@listing=\toks33
\c@listing=\count356
)
runsystem(mkdir -p _minted-document)...disabled (restricted).



/Users/tamasimate/Documents/TEMPLATE/document.tex:23: Package minted Error: You must invoke LaTeX with the -shell-escape flag.

See the minted package documentation for explanation.
Type  H <return>  for immediate help.
 ...                                              
                                                  
l.23 \usemintedstyle
                    {tango}
Pass the -shell-escape flag to LaTeX. Refer to the minted.sty documentation for more information.

(/Users/tamasimate/Library/Application Support/MiKTeX/texmfs/install/tex/latex/tools/verbatim.sty
Package: verbatim 2020-07-07 v1.5u LaTeX2e package for verbatim enhancements
\every@verbatim=\toks34
\verbatim@line=\toks35
\verbatim@in@stream=\read5
)
runsystem(which pygmentize && touch document.aex)...disabled (restricted).



/Users/tamasimate/Documents/TEMPLATE/document.tex:61: Package minted Error: You must have `pygmentize' installed to use this package.

See the minted package documentation for explanation.
Type  H <return>  for immediate help.
 ...                                              
                                                  
l.61 \begin{document}
                     
Refer to the installation instructions in the minted documentation for more information.

LaTeX Font Info:    Trying to load font information for OT1+ptm on input line 61.
(/Users/tamasimate/Library/Application Support/MiKTeX/texmfs/install/tex/latex/psnfss/ot1ptm.fd
File: ot1ptm.fd 2001/06/04 font definitions for OT1/ptm.
) (document.aux)
\openout1 = `document.aux'.

LaTeX Font Info:    Checking defaults for OML/cmm/m/it on input line 61.
LaTeX Font Info:    ... okay on input line 61.
LaTeX Font Info:    Checking defaults for OMS/cmsy/m/n on input line 61.
LaTeX Font Info:    ... okay on input line 61.
LaTeX Font Info:    Checking defaults for OT1/cmr/m/n on input line 61.
LaTeX Font Info:    ... okay on input line 61.
LaTeX Font Info:    Checking defaults for T1/cmr/m/n on input line 61.
LaTeX Font Info:    ... okay on input line 61.
LaTeX Font Info:    Checking defaults for TS1/cmr/m/n on input line 61.
LaTeX Font Info:    ... okay on input line 61.
LaTeX Font Info:    Checking defaults for OMX/cmex/m/n on input line 61.
LaTeX Font Info:    ... okay on input line 61.
LaTeX Font Info:    Checking defaults for U/cmr/m/n on input line 61.
LaTeX Font Info:    ... okay on input line 61.
LaTeX Font Info:    Checking defaults for PD1/pdf/m/n on input line 61.
LaTeX Font Info:    ... okay on input line 61.
LaTeX Font Info:    Checking defaults for PU/pdf/m/n on input line 61.
LaTeX Font Info:    ... okay on input line 61.
 (/Users/tamasimate/Library/Application Support/MiKTeX/texmfs/install/tex/context/base/mkii/supp-pdf.mkii
[Loading MPS to PDF converter (version 2006.09.02).]
\scratchcounter=\count357
\scratchdimen=\dimen267
\scratchbox=\box69
\nofMPsegments=\count358
\nofMParguments=\count359
\everyMPshowfont=\toks36
\MPscratchCnt=\count360
\MPscratchDim=\dimen268
\MPnumerator=\count361
\makeMPintoPDFobject=\count362
\everyMPtoPDFconversion=\toks37
) (/Users/tamasimate/Library/Application Support/MiKTeX/texmfs/install/tex/latex/epstopdf-pkg/epstopdf-base.sty
Package: epstopdf-base 2020-01-24 v2.11 Base part for package epstopdf
Package epstopdf-base Info: Redefining graphics rule for `.eps' on input line 485.
 (/Users/tamasimate/Library/Application Support/MiKTeX/texmfs/install/tex/latex/00miktex/epstopdf-sys.cfg
File: epstopdf-sys.cfg 2021/03/18 v2.0 Configuration of epstopdf for MiKTeX
))

Package magyar.ldf Warning: All Hungarian hyphenation= patterns missing.
(magyar.ldf)                To make LaTeX hyphenate Hungarian words, please
(magyar.ldf)                modify language.dat and rerun initex or texconfig.


LaTeX Warning: Please use \usepackage{t1enc} with
               \usepackage[magyar]{babel}, to get accented chars hyphenated.

\c@lstlisting=\count363
*geometry* driver: auto-detecting
*geometry* detected driver: pdftex
*geometry* verbose mode - [ preamble ] result:
* driver: pdftex
* paper: a4paper
* layout: <same size as paper>
* layoutoffset:(h,v)=(0.0pt,0.0pt)
* modes: 
* h-part:(L,W,R)=(99.58464pt, 426.79135pt, 71.13188pt)
* v-part:(T,H,B)=(71.13188pt, 660.10394pt, 113.81102pt)
* \paperwidth=597.50787pt
* \paperheight=845.04684pt
* \textwidth=426.79135pt
* \textheight=660.10394pt
* \oddsidemargin=27.31465pt
* \evensidemargin=27.31465pt
* \topmargin=-88.73407pt
* \headheight=62.59596pt
* \headsep=25.0pt
* \topskip=12.0pt
* \footskip=30.0pt
* \marginparwidth=56.9055pt
* \marginparsep=10.0pt
* \columnsep=10.0pt
* \skip\footins=10.8pt plus 4.0pt minus 2.0pt
* \hoffset=0.0pt
* \voffset=0.0pt
* \mag=1000
* \@twocolumnfalse
* \@twosidefalse
* \@mparswitchfalse
* \@reversemarginfalse
* (1in=72.27pt=25.4mm, 1cm=28.453pt)

Package lastpage Info: Please have a look at the pageslts package at
(lastpage)             https://www.ctan.org/pkg/pageslts
(lastpage)             ! on input line 61.
Package caption Info: Begin \AtBeginDocument code.
Package caption Info: subfig package v1.3 is loaded.
Package caption Info: hyperref package is loaded.
Package caption Info: End \AtBeginDocument code.
(/Users/tamasimate/Library/Application Support/MiKTeX/texmfs/install/tex/latex/pdflscape/pdflscape.sty
Package: pdflscape 2019/12/05 v0.12 Display of landscape pages in PDF (HO)
 (/Users/tamasimate/Library/Application Support/MiKTeX/texmfs/install/tex/latex/graphics/lscape.sty
Package: lscape 2020/05/28 v3.02 Landscape Pages (DPC)
)
Package pdflscape Info: Auto-detected driver: pdftex on input line 81.
)
Package hyperref Info: Link coloring ON on input line 61.
\@outlinefile=\write5
\openout5 = `document.out'.

 (/Users/tamasimate/Library/Application Support/MiKTeX/texmfs/install/tex/latex/base/article.cls
LaTeX Info: Redefining \cal on input line 497.
LaTeX Info: Redefining \mit on input line 498.
)
<header/NEW_OE.png, id=3, 160.6pt x 160.09813pt>
File: header/NEW_OE.png Graphic file (type png)
<use header/NEW_OE.png>
Package pdftex.def Info: header/NEW_OE.png  used on input line 63.
(pdftex.def)             Requested size: 85.36018pt x 85.35971pt.
LaTeX Font Info:    Trying to load font information for U+msa on input line 63.
 (/Users/tamasimate/Library/Application Support/MiKTeX/texmfs/install/tex/latex/amsfonts/umsa.fd
File: umsa.fd 2013/01/14 v3.01 AMS symbols A
)
LaTeX Font Info:    Trying to load font information for U+msb on input line 63.
 (/Users/tamasimate/Library/Application Support/MiKTeX/texmfs/install/tex/latex/amsfonts/umsb.fd
File: umsb.fd 2013/01/14 v3.01 AMS symbols B
)
<header/NEW_BANKI.png, id=5, 636.3775pt x 633.36626pt>
File: header/NEW_BANKI.png Graphic file (type png)
<use header/NEW_BANKI.png>
Package pdftex.def Info: header/NEW_BANKI.png  used on input line 63.
(pdftex.def)             Requested size: 85.35376pt x 85.35579pt.
 [1


{/Users/tamasimate/Library/Application Support/MiKTeX/texmfs/data/fonts/map/pdftex/pdftex.map} <./header/NEW_OE.png> <./header/NEW_BANKI.png>]
File: header/NEW_OE.png Graphic file (type png)
<use header/NEW_OE.png>
Package pdftex.def Info: header/NEW_OE.png  used on input line 63.
(pdftex.def)             Requested size: 85.36018pt x 85.35971pt.
File: header/NEW_BANKI.png Graphic file (type png)
<use header/NEW_BANKI.png>
Package pdftex.def Info: header/NEW_BANKI.png  used on input line 63.
(pdftex.def)             Requested size: 85.35376pt x 85.35579pt.

/Users/tamasimate/Documents/TEMPLATE/document.tex:63: Argument of \@hunTitleSecondRow has an extra }.
<inserted text> 
                \par 
l.63 	\makeassigmentpage
                        
I've run across a `}' that doesn't seem to match anything.
For example, `\def\a#1{...}' and `\a}' would produce
this error. If you simply proceed now, the `\par' that
I've just inserted will cause me to report a runaway
argument that might be the root of the problem. But if
your `}' was spurious, just type `2' and it will go away.

Runaway argument?
/Users/tamasimate/Documents/TEMPLATE/document.tex:63: Paragraph ended before \@hunTitleSecondRow was complete.
<to be read again> 
                   \par 
l.63 	\makeassigmentpage
                        
I suspect you've forgotten a `}', causing me to apply this
control sequence to too much text. How can we recover?
My plan is to forget the whole thing and hope for the best.


/Users/tamasimate/Documents/TEMPLATE/document.tex:63: LaTeX Error: There's no line here to end.

See the LaTeX manual or LaTeX Companion for explanation.
Type  H <return>  for immediate help.
 ...                                              
                                                  
l.63 	\makeassigmentpage
                        
Your command was ignored.
Type  I <command> <return>  to replace it with another command,
or  <return>  to continue without it.

/Users/tamasimate/Documents/TEMPLATE/document.tex:63: Argument of \@engTitleSecondRow has an extra }.
<inserted text> 
                \par 
l.63 	\makeassigmentpage
                        
I've run across a `}' that doesn't seem to match anything.
For example, `\def\a#1{...}' and `\a}' would produce
this error. If you simply proceed now, the `\par' that
I've just inserted will cause me to report a runaway
argument that might be the root of the problem. But if
your `}' was spurious, just type `2' and it will go away.

Runaway argument?
/Users/tamasimate/Documents/TEMPLATE/document.tex:63: Paragraph ended before \@engTitleSecondRow was complete.
<to be read again> 
                   \par 
l.63 	\makeassigmentpage
                        
I suspect you've forgotten a `}', causing me to apply this
control sequence to too much text. How can we recover?
My plan is to forget the whole thing and hope for the best.


/Users/tamasimate/Documents/TEMPLATE/document.tex:63: LaTeX Error: There's no line here to end.

See the LaTeX manual or LaTeX Companion for explanation.
Type  H <return>  for immediate help.
 ...                                              
                                                  
l.63 	\makeassigmentpage
                        
Your command was ignored.
Type  I <command> <return>  to replace it with another command,
or  <return>  to continue without it.


pdfTeX warning (ext4): destination with the same identifier (name{page.1}) has been already used, duplicate ignored
<to be read again> 
                   \relax 
l.63 	\makeassigmentpage
                         [1] (theassigment.tex) (themustbeinassigment.tex
LaTeX Font Info:    Trying to load font information for TS1+ptm on input line 2.
 (/Users/tamasimate/Library/Application Support/MiKTeX/texmfs/install/tex/latex/psnfss/ts1ptm.fd
File: ts1ptm.fd 2001/06/04 font definitions for TS1/ptm.
))
pdfTeX warning (ext4): destination with the same identifier (name{page.1}) has been already used, duplicate ignored
<to be read again> 
                   \relax 
l.65 ...agetwo{theassigment}{themustbeinassigment}
                                                   [1]
File: header/NEW_OE.png Graphic file (type png)
<use header/NEW_OE.png>
Package pdftex.def Info: header/NEW_OE.png  used on input line 66.
(pdftex.def)             Requested size: 85.36018pt x 85.35971pt.
File: header/NEW_BANKI.png Graphic file (type png)
<use header/NEW_BANKI.png>
Package pdftex.def Info: header/NEW_BANKI.png  used on input line 66.
(pdftex.def)             Requested size: 85.35376pt x 85.35579pt.
 (thedeclaration.tex)
Overfull \hbox (54.3673pt too wide) in paragraph at lines 1--66
\OT1/ptm/m/n/12 a felhaszn[]alt szakirodalmat []es eszk[]oz[]oket azonos[]that[]oan k[]oz[]oltem. Az elk[]esz[]ult szakdolgozatomban
 []


Underfull \hbox (badness 10000) in paragraph at lines 1--66

 []


pdfTeX warning (ext4): destination with the same identifier (name{page.1}) has been already used, duplicate ignored
<to be read again> 
                   \relax 
l.66 	\makedeclaration
                       [1]
\c@fpcounter=\count364

No file document.toc.
\tf@toc=\write6
\openout6 = `document.toc'.


pdfTeX warning (ext4): destination with the same identifier (name{page.1}) has been already used, duplicate ignored
<to be read again> 
                   \relax 
l.70 	\maketoc
               [1] [2]
\openout2 = `chapters/chapter1.aux'.


No file chapters/chapter1.tex.
\openout2 = `chapters/chapter2.aux'.

No file chapters/chapter2.tex.
\openout2 = `chapters/chapter3.aux'.

No file chapters/chapter3.tex.
\openout2 = `chapters/chapter4.aux'.

No file chapters/chapter4.tex.
\openout2 = `chapters/chapter5.aux'.

No file chapters/chapter5.tex.
No file document.bbl.
No file document.lof.
\tf@lof=\write7
\openout7 = `document.lof'.

[3















]
No file document.lot.
\tf@lot=\write8
\openout8 = `document.lot'.

[4] 
AED: lastpage setting LastPage
[5] (document.aux (chapters/chapter1.aux) (chapters/chapter2.aux) (chapters/chapter3.aux) (chapters/chapter4.aux) (chapters/chapter5.aux))

LaTeX Warning: Label(s) may have changed. Rerun to get cross-references right.


Package rerunfilecheck Warning: File `document.out' has changed.
(rerunfilecheck)                Rerun to get outlines right
(rerunfilecheck)                or use package `bookmark'.

Package rerunfilecheck Info: Checksums for `document.out':
(rerunfilecheck)             Before: <no file>
(rerunfilecheck)             After:  1ED201AC09C7205ACF22BBA709B16112;342.
runsystem(rm document.pyg)...disabled (restricted).

 ) 
Here is how much of TeX's memory you used:
 23661 strings out of 477324
 417733 string characters out of 2826241
 893513 words of memory out of 3000000
 44405 multiletter control sequences out of 15000+600000
 485718 words of font info for 62 fonts, out of 8000000 for 9000
 0 hyphenation exceptions out of 8191
 87i,11n,91p,433b,584s stack positions out of 5000i,500n,10000p,200000b,80000s
{/Users/tamasimate/Library/Application Support/MiKTeX/texmfs/install/fonts/enc/dvips/base/8r.enc}</Users/tamasimate/Library/Application Support/MiKTeX/texmfs/install/fonts/type1/urw/times/utmb8a.pfb></Users/tamasimate/Library/Application Support/MiKTeX/texmfs/install/fonts/type1/urw/times/utmr8a.pfb>
Output written on document.pdf (9 pages, 225581 bytes).
PDF statistics:
 61 PDF objects out of 1000 (max. 8388607)
 8 named destinations out of 1000 (max. 500000)
 11 words of extra memory for PDF output out of 10000 (max. 10000000)

